<?xml version="1.0" encoding="UTF-8"?>
<!-- Generated by org.testng.reporters.JUnitXMLReporter -->
<testsuite ignored="0" hostname="DESKTOP-IKE1JD6" failures="0" tests="2" name="Free CRM App Test Cases" time="25.358" errors="0" timestamp="2022-11-13T15:21:09 EST">
  <testcase classname="com.crm.qa.testcases.LoginPageTest" name="loginPageTitleTest" time="0.011"/>
  <testcase classname="com.crm.qa.testcases.LoginPageTest" name="loginTest" time="0.337"/>
</testsuite> <!-- Free CRM App Test Cases -->
