<?xml version="1.0" encoding="UTF-8"?>
<!-- Generated by org.testng.reporters.JUnitXMLReporter -->
<testsuite ignored="1" hostname="DESKTOP-IKE1JD6" failures="0" tests="1" name="Default test" time="12.632" errors="0" timestamp="2022-11-13T15:19:43 EST">
  <testcase classname="com.crm.qa.testcases.LoginPageTest" name="loginTest" time="0.356"/>
  <testcase classname="com.crm.qa.testcases.LoginPageTest" name="loginPageTitleTest" time="0.0">
    <ignored/>
  </testcase> <!-- loginPageTitleTest -->
</testsuite> <!-- Default test -->
