<?xml version="1.0" encoding="UTF-8"?>
<testng-results ignored="0" total="2" passed="2" failed="0" skipped="0">
  <reporter-output>
  </reporter-output>
  <suite started-at="2022-11-13T15:20:43 EST" name="Free CRM Application Test Automation Test Suite" finished-at="2022-11-13T15:21:09 EST" duration-ms="25358">
    <groups>
    </groups>
    <test started-at="2022-11-13T15:20:43 EST" name="Free CRM App Test Cases" finished-at="2022-11-13T15:21:09 EST" duration-ms="25358">
      <class name="com.crm.qa.testcases.LoginPageTest">
        <test-method is-config="true" signature="setUp()[pri:0, instance:com.crm.qa.testcases.LoginPageTest@7133da86]" started-at="2022-11-13T15:20:43 EST" name="setUp" finished-at="2022-11-13T15:20:54 EST" duration-ms="11067" status="PASS">
          <reporter-output>
          </reporter-output>
        </test-method> <!-- setUp -->
        <test-method signature="loginPageTitleTest()[pri:1, instance:com.crm.qa.testcases.LoginPageTest@7133da86]" started-at="2022-11-13T15:20:54 EST" name="loginPageTitleTest" finished-at="2022-11-13T15:20:54 EST" duration-ms="11" status="PASS">
          <reporter-output>
          </reporter-output>
        </test-method> <!-- loginPageTitleTest -->
        <test-method is-config="true" signature="tearDown()[pri:0, instance:com.crm.qa.testcases.LoginPageTest@7133da86]" started-at="2022-11-13T15:20:54 EST" name="tearDown" finished-at="2022-11-13T15:20:54 EST" duration-ms="1" status="PASS">
          <reporter-output>
          </reporter-output>
        </test-method> <!-- tearDown -->
        <test-method is-config="true" signature="setUp()[pri:0, instance:com.crm.qa.testcases.LoginPageTest@7133da86]" started-at="2022-11-13T15:20:54 EST" name="setUp" finished-at="2022-11-13T15:21:08 EST" duration-ms="13902" status="PASS">
          <reporter-output>
          </reporter-output>
        </test-method> <!-- setUp -->
        <test-method signature="loginTest()[pri:3, instance:com.crm.qa.testcases.LoginPageTest@7133da86]" started-at="2022-11-13T15:21:08 EST" name="loginTest" finished-at="2022-11-13T15:21:09 EST" duration-ms="337" status="PASS">
          <reporter-output>
          </reporter-output>
        </test-method> <!-- loginTest -->
        <test-method is-config="true" signature="tearDown()[pri:0, instance:com.crm.qa.testcases.LoginPageTest@7133da86]" started-at="2022-11-13T15:21:09 EST" name="tearDown" finished-at="2022-11-13T15:21:09 EST" duration-ms="0" status="PASS">
          <reporter-output>
          </reporter-output>
        </test-method> <!-- tearDown -->
      </class> <!-- com.crm.qa.testcases.LoginPageTest -->
    </test> <!-- Free CRM App Test Cases -->
  </suite> <!-- Free CRM Application Test Automation Test Suite -->
</testng-results>
